c:\users\jerem\source\repos\galaga\galaga\debug\vc142.pdb
c:\users\jerem\source\repos\galaga\galaga\debug\vc142.idb
c:\users\jerem\desktop\galaga\galaga\debug\vc142.pdb
c:\users\jerem\desktop\galaga\galaga\debug\vc142.idb
c:\users\jerem\documents\github\pk4\projekt\galaga\galaga\debug\vc142.pdb
c:\users\jerem\documents\github\pk4\projekt\galaga\galaga\debug\vc142.idb
c:\users\jerem\documents\github\pk4\projekt\galaga\galaga\debug\shield.obj
c:\users\jerem\documents\github\pk4\projekt\galaga\galaga\debug\player.obj
c:\users\jerem\documents\github\pk4\projekt\galaga\galaga\debug\menu.obj
c:\users\jerem\documents\github\pk4\projekt\galaga\galaga\debug\main.obj
c:\users\jerem\documents\github\pk4\projekt\galaga\galaga\debug\entity.obj
c:\users\jerem\documents\github\pk4\projekt\galaga\galaga\debug\enemy3.obj
c:\users\jerem\documents\github\pk4\projekt\galaga\galaga\debug\enemy2.obj
c:\users\jerem\documents\github\pk4\projekt\galaga\galaga\debug\enemy1.obj
c:\users\jerem\documents\github\pk4\projekt\galaga\galaga\debug\enemy.obj
c:\users\jerem\documents\github\pk4\projekt\galaga\galaga\debug\controller.obj
c:\users\jerem\documents\github\pk4\projekt\galaga\galaga\debug\bullet.obj
c:\users\jerem\documents\github\pk4\projekt\galaga\galaga\debug\destruction.obj
c:\users\jerem\documents\github\pk4\projekt\galaga\galaga\debug\game.obj
c:\users\jerem\documents\github\pk4\projekt\galaga\debug\galaga.exe
c:\users\jerem\documents\github\pk4\projekt\galaga\debug\galaga.ilk
c:\users\jerem\documents\github\pk4\projekt\galaga\debug\galaga.pdb
c:\users\jerem\documents\github\pk4\projekt\galaga\galaga\debug\attack.obj
c:\users\jerem\documents\github\pk4\projekt\galaga\galaga\debug\galaga.obj
c:\users\jerem\documents\github\pk4\projekt\galaga\galaga\debug\graphic_controller.obj
c:\users\jerem\documents\github\pk4\projekt\galaga\galaga\debug\galaga.tlog\cl.command.1.tlog
c:\users\jerem\documents\github\pk4\projekt\galaga\galaga\debug\galaga.tlog\cl.read.1.tlog
c:\users\jerem\documents\github\pk4\projekt\galaga\galaga\debug\galaga.tlog\cl.write.1.tlog
c:\users\jerem\documents\github\pk4\projekt\galaga\galaga\debug\galaga.tlog\link.command.1.tlog
c:\users\jerem\documents\github\pk4\projekt\galaga\galaga\debug\galaga.tlog\link.read.1.tlog
c:\users\jerem\documents\github\pk4\projekt\galaga\galaga\debug\galaga.tlog\link.write.1.tlog
